nohup: no se tendrá en cuenta la entrada
INFO:     Will watch for changes in these directories: ['/home/albertosanzdev/Projects/arunachala_web/backend']
INFO:     Uvicorn running on http://0.0.0.0:8000 (Press CTRL+C to quit)
INFO:     Started reloader process [35263] using WatchFiles
Traceback (most recent call last):
  File "/home/albertosanzdev/Projects/arunachala_web/./venv/bin/uvicorn", line 7, in <module>
    sys.exit(main())
             ^^^^^^
  File "/home/albertosanzdev/Projects/arunachala_web/venv/lib/python3.12/site-packages/click/core.py", line 1485, in __call__
    return self.main(*args, **kwargs)
           ^^^^^^^^^^^^^^^^^^^^^^^^^^
  File "/home/albertosanzdev/Projects/arunachala_web/venv/lib/python3.12/site-packages/click/core.py", line 1406, in main
    rv = self.invoke(ctx)
         ^^^^^^^^^^^^^^^^
  File "/home/albertosanzdev/Projects/arunachala_web/venv/lib/python3.12/site-packages/click/core.py", line 1269, in invoke
    return ctx.invoke(self.callback, **ctx.params)
           ^^^^^^^^^^^^^^^^^^^^^^^^^^^^^^^^^^^^^^^
  File "/home/albertosanzdev/Projects/arunachala_web/venv/lib/python3.12/site-packages/click/core.py", line 824, in invoke
    return callback(*args, **kwargs)
           ^^^^^^^^^^^^^^^^^^^^^^^^^
  File "/home/albertosanzdev/Projects/arunachala_web/venv/lib/python3.12/site-packages/uvicorn/main.py", line 416, in main
    run(
  File "/home/albertosanzdev/Projects/arunachala_web/venv/lib/python3.12/site-packages/uvicorn/main.py", line 582, in run
    ChangeReload(config, target=server.run, sockets=[sock]).run()
  File "/home/albertosanzdev/Projects/arunachala_web/venv/lib/python3.12/site-packages/uvicorn/supervisors/basereload.py", line 50, in run
    for changes in self:
  File "/home/albertosanzdev/Projects/arunachala_web/venv/lib/python3.12/site-packages/uvicorn/supervisors/basereload.py", line 69, in __next__
    return self.should_restart()
           ^^^^^^^^^^^^^^^^^^^^^
  File "/home/albertosanzdev/Projects/arunachala_web/venv/lib/python3.12/site-packages/uvicorn/supervisors/watchfilesreload.py", line 87, in should_restart
    changes = next(self.watcher)
              ^^^^^^^^^^^^^^^^^^
  File "/home/albertosanzdev/Projects/arunachala_web/venv/lib/python3.12/site-packages/watchfiles/main.py", line 126, in watch
    with RustNotify(
         ^^^^^^^^^^^
PermissionError: Permission denied (os error 13) about ["/home/albertosanzdev/Projects/arunachala_web/infraestructura/postgres_data"]
INFO:     Started server process [35346]
INFO:     Waiting for application startup.
INFO:     Application startup complete.
INFO:     127.0.0.1:40580 - "GET / HTTP/1.1" 200 OK
